Threads : 1
Iterations : 1000000000
Experiment : 1
1000000000
1
1
Startup time 0 milliseconds
Heads = 499986250
Tails = 500013750
Elapsed time: 12473 milliseconds
Experiment : 2
1000000000
1
1
Startup time 1 milliseconds
Heads = 500003199
Tails = 499996801
Elapsed time: 12441 milliseconds
Experiment : 3
1000000000
1
1
Startup time 1 milliseconds
Heads = 500003048
Tails = 499996952
Elapsed time: 12382 milliseconds
Threads : 2
Iterations : 2000000000
Experiment : 1
1000000000
1000000000
2
2
Startup time 1 milliseconds
Heads = 999961387
Tails = 1000038613
Elapsed time: 12476 milliseconds
Experiment : 2
1000000000
1000000000
2
2
Startup time 1 milliseconds
Heads = 1000024634
Tails = 999975366
Elapsed time: 12513 milliseconds
Experiment : 3
1000000000
1000000000
2
2
Startup time 1 milliseconds
Heads = 1000017844
Tails = 999982156
Elapsed time: 12523 milliseconds
Threads : 3
Iterations : 3000000000
Experiment : 1
1000000000
1000000000
1000000000
3
3
Startup time 2 milliseconds
Heads = 1499992858
Tails = 1500007142
Elapsed time: 13134 milliseconds
Experiment : 2
1000000000
1000000000
1000000000
3
3
Startup time 1 milliseconds
Heads = 1499982133
Tails = 1500017867
Elapsed time: 13307 milliseconds
Experiment : 3
1000000000
1000000000
1000000000
3
3
Startup time 2 milliseconds
Heads = 1499994046
Tails = 1500005954
Elapsed time: 13217 milliseconds
Threads : 4
Iterations : 4000000000
Experiment : 1
1000000000
1000000000
1000000000
1000000000
4
4
Startup time 2 milliseconds
Heads = 1999940408
Tails = 2000059592
Elapsed time: 13717 milliseconds
Experiment : 2
1000000000
1000000000
1000000000
1000000000
4
4
Startup time 1 milliseconds
Heads = 2000021976
Tails = 1999978024
Elapsed time: 13476 milliseconds
Experiment : 3
1000000000
1000000000
1000000000
1000000000
4
4
Startup time 1 milliseconds
Heads = 2000019122
Tails = 1999980878
Elapsed time: 13395 milliseconds
Threads : 5
Iterations : 5000000000
Experiment : 1
1000000000
1000000000
1000000000
1000000000
1000000000
5
5
Startup time 2 milliseconds
Heads = 2499953370
Tails = 2500046630
Elapsed time: 14124 milliseconds
Experiment : 2
1000000000
1000000000
1000000000
1000000000
1000000000
5
5
Startup time 1 milliseconds
Heads = 2500028385
Tails = 2499971615
Elapsed time: 14246 milliseconds
Experiment : 3
1000000000
1000000000
1000000000
1000000000
1000000000
5
5
Startup time 1 milliseconds
Heads = 2499957385
Tails = 2500042615
Elapsed time: 14243 milliseconds
Threads : 6
Iterations : 6000000000
Experiment : 1
1000000000
1000000000
1000000000
1000000000
1000000000
1000000000
6
6
Startup time 1 milliseconds
Heads = 3000045952
Tails = 2999954048
Elapsed time: 14715 milliseconds
Experiment : 2
1000000000
1000000000
1000000000
1000000000
1000000000
1000000000
6
6
Startup time 2 milliseconds
Heads = 3000009527
Tails = 2999990473
Elapsed time: 14693 milliseconds
Experiment : 3
1000000000
1000000000
1000000000
1000000000
1000000000
1000000000
6
6
Startup time 2 milliseconds
Heads = 3000006813
Tails = 2999993187
Elapsed time: 14972 milliseconds
Threads : 7
Iterations : 7000000000
Experiment : 1
1000000000
1000000000
1000000000
1000000000
1000000000
1000000000
1000000000
7
7
Startup time 3 milliseconds
Heads = 3499963409
Tails = 3500036591
Elapsed time: 38030 milliseconds
Experiment : 2
1000000000
1000000000
1000000000
1000000000
1000000000
1000000000
1000000000
7
7
Startup time 2 milliseconds
Heads = 3500001731
Tails = 3499998269
Elapsed time: 15203 milliseconds
Experiment : 3
1000000000
1000000000
1000000000
1000000000
1000000000
1000000000
1000000000
7
7
Startup time 2 milliseconds
Heads = 3500034530
Tails = 3499965470
Elapsed time: 15270 milliseconds
Threads : 8
Iterations : 8000000000
Experiment : 1
1000000000
1000000000
1000000000
1000000000
1000000000
1000000000
1000000000
1000000000
8
8
Startup time 1 milliseconds
Heads = 3999972723
Tails = 4000027277
Elapsed time: 54828 milliseconds
Experiment : 2
1000000000
1000000000
1000000000
1000000000
1000000000
1000000000
1000000000
1000000000
8
8
Startup time 2 milliseconds
Heads = 3999995147
Tails = 4000004853
Elapsed time: 16038 milliseconds
Experiment : 3
1000000000
1000000000
1000000000
1000000000
1000000000
1000000000
1000000000
1000000000
8
8
Startup time 1 milliseconds
Heads = 4000061708
Tails = 3999938292
Elapsed time: 16084 milliseconds
Threads : 9
Iterations : 9000000000
Experiment : 1
1000000000
1000000000
1000000000
1000000000
1000000000
1000000000
1000000000
1000000000
1000000000
9
9
Startup time 2 milliseconds
Heads = 4499952890
Tails = 4500047110
Elapsed time: 18535 milliseconds
Experiment : 2
1000000000
1000000000
1000000000
1000000000
1000000000
1000000000
1000000000
1000000000
1000000000
9
9
Startup time 2 milliseconds
Heads = 4500073479
Tails = 4499926521
Elapsed time: 18463 milliseconds
Experiment : 3
1000000000
1000000000
1000000000
1000000000
1000000000
1000000000
1000000000
1000000000
1000000000
9
9
Startup time 1 milliseconds
Heads = 4500008657
Tails = 4499991343
Elapsed time: 18596 milliseconds
Threads : 10
Iterations : 10000000000
Experiment : 1
1000000000
1000000000
1000000000
1000000000
1000000000
1000000000
1000000000
1000000000
1000000000
1000000000
10
10
Startup time 4 milliseconds
Heads = 5000000158
Tails = 4999999842
Elapsed time: 40754 milliseconds
Experiment : 2
1000000000
1000000000
1000000000
1000000000
1000000000
1000000000
1000000000
1000000000
1000000000
1000000000
10
10
Startup time 23 milliseconds
Heads = 5000045735
Tails = 4999954265
Elapsed time: 19902 milliseconds
Experiment : 3
1000000000
1000000000
1000000000
1000000000
1000000000
1000000000
1000000000
1000000000
1000000000
1000000000
10
10
Startup time 2 milliseconds
Heads = 4999977615
Tails = 5000022385
Elapsed time: 20002 milliseconds
Threads : 11
Iterations : 11000000000
Experiment : 1
1000000000
1000000000
1000000000
1000000000
1000000000
1000000000
1000000000
1000000000
1000000000
1000000000
1000000000
11
11
Startup time 22 milliseconds
Heads = 5500045007
Tails = 5499954993
Elapsed time: 73070 milliseconds
Experiment : 2
1000000000
1000000000
1000000000
1000000000
1000000000
1000000000
1000000000
1000000000
1000000000
1000000000
1000000000
11
11
Startup time 13 milliseconds
Heads = 5500040700
Tails = 5499959300
Elapsed time: 47415 milliseconds
Experiment : 3
1000000000
1000000000
1000000000
1000000000
1000000000
1000000000
1000000000
1000000000
1000000000
1000000000
1000000000
11
11
Startup time 34 milliseconds
Heads = 5499913869
Tails = 5500086131
Elapsed time: 72576 milliseconds
Threads : 12
Iterations : 12000000000
Experiment : 1
1000000000
1000000000
1000000000
1000000000
1000000000
1000000000
1000000000
1000000000
1000000000
1000000000
1000000000
1000000000
12
12
Startup time 36 milliseconds
Heads = 6000092116
Tails = 5999907884
Elapsed time: 66982 milliseconds
Experiment : 2
1000000000
1000000000
1000000000
1000000000
1000000000
1000000000
1000000000
1000000000
1000000000
1000000000
1000000000
1000000000
12
12
Startup time 13 milliseconds
Heads = 6000016986
Tails = 5999983014
Elapsed time: 58994 milliseconds
Experiment : 3
1000000000
1000000000
1000000000
1000000000
1000000000
1000000000
1000000000
1000000000
1000000000
1000000000
1000000000
1000000000
12
12
Startup time 40 milliseconds
Heads = 6000051923
Tails = 5999948077
Elapsed time: 58999 milliseconds
Threads : 13
Iterations : 13000000000
Experiment : 1
1000000000
1000000000
1000000000
1000000000
1000000000
1000000000
1000000000
1000000000
1000000000
1000000000
1000000000
1000000000
1000000000
13
13
Startup time 24 milliseconds
Heads = 6500094670
Tails = 6499905330
Elapsed time: 48863 milliseconds
Experiment : 2
1000000000
1000000000
1000000000
1000000000
1000000000
1000000000
1000000000
1000000000
1000000000
1000000000
1000000000
1000000000
1000000000
13
13
Startup time 53 milliseconds
Heads = 6500018996
Tails = 6499981004
Elapsed time: 65796 milliseconds
Experiment : 3
1000000000
1000000000
1000000000
1000000000
1000000000
1000000000
1000000000
1000000000
1000000000
1000000000
1000000000
1000000000
1000000000
13
13
Startup time 37 milliseconds
Heads = 6499995967
Tails = 6500004033
Elapsed time: 55979 milliseconds
Threads : 14
Iterations : 14000000000
Experiment : 1
1000000000
1000000000
1000000000
1000000000
1000000000
1000000000
1000000000
1000000000
1000000000
1000000000
1000000000
1000000000
1000000000
1000000000
14
14
Startup time 57 milliseconds
Heads = 7000018248
Tails = 6999981752
Elapsed time: 61873 milliseconds
Experiment : 2
1000000000
1000000000
1000000000
1000000000
1000000000
1000000000
1000000000
1000000000
1000000000
1000000000
1000000000
1000000000
1000000000
1000000000
14
14
Startup time 27 milliseconds
Heads = 7000031722
Tails = 6999968278
Elapsed time: 57778 milliseconds
Experiment : 3
1000000000
1000000000
1000000000
1000000000
1000000000
1000000000
1000000000
1000000000
1000000000
1000000000
1000000000
1000000000
1000000000
1000000000
14
14
Startup time 30 milliseconds
Heads = 6999947139
Tails = 7000052861
Elapsed time: 58759 milliseconds
Threads : 15
Iterations : 15000000000
Experiment : 1
1000000000
1000000000
1000000000
1000000000
1000000000
1000000000
1000000000
1000000000
1000000000
1000000000
1000000000
1000000000
1000000000
1000000000
1000000000
15
15
Startup time 49 milliseconds
Heads = 7499959783
Tails = 7500040217
Elapsed time: 49021 milliseconds
Experiment : 2
1000000000
1000000000
1000000000
1000000000
1000000000
1000000000
1000000000
1000000000
1000000000
1000000000
1000000000
1000000000
1000000000
1000000000
1000000000
15
15
Startup time 69 milliseconds
Heads = 7500010950
Tails = 7499989050
Elapsed time: 51101 milliseconds
Experiment : 3
1000000000
1000000000
1000000000
1000000000
1000000000
1000000000
1000000000
1000000000
1000000000
1000000000
1000000000
1000000000
1000000000
1000000000
1000000000
15
15
Startup time 96 milliseconds
Heads = 7500030118
Tails = 7499969882
Elapsed time: 63619 milliseconds
Threads : 16
Iterations : 16000000000
Experiment : 1
1000000000
1000000000
1000000000
1000000000
1000000000
1000000000
1000000000
1000000000
1000000000
1000000000
1000000000
1000000000
1000000000
1000000000
1000000000
1000000000
16
16
Startup time 23 milliseconds
Heads = 8000011220
Tails = 7999988780
Elapsed time: 49849 milliseconds
Experiment : 2
1000000000
1000000000
1000000000
1000000000
1000000000
1000000000
1000000000
1000000000
1000000000
1000000000
1000000000
1000000000
1000000000
1000000000
1000000000
1000000000
16
16
Startup time 83 milliseconds
Heads = 8000064148
Tails = 7999935852
Elapsed time: 52408 milliseconds
Experiment : 3
1000000000
1000000000
1000000000
1000000000
1000000000
1000000000
1000000000
1000000000
1000000000
1000000000
1000000000
1000000000
1000000000
1000000000
1000000000
1000000000
16
16
Startup time 95 milliseconds
Heads = 8000029354
Tails = 7999970646
Elapsed time: 67841 milliseconds
