Threads : 1
Experiment : 1
1000000000
1
1
Startup time 2 milliseconds
Heads = 500006419
Tails = 499993581
Elapsed time: 12352 milliseconds
Experiment : 2
1000000000
1
1
Startup time 1 milliseconds
Heads = 499977925
Tails = 500022075
Elapsed time: 12305 milliseconds
Experiment : 3
1000000000
1
1
Startup time 1 milliseconds
Heads = 500026176
Tails = 499973824
Elapsed time: 12290 milliseconds
Threads : 2
Experiment : 1
500000000
500000000
2
2
Startup time 0 milliseconds
Heads = 500030998
Tails = 499969002
Elapsed time: 6255 milliseconds
Experiment : 2
500000000
500000000
2
2
Startup time 1 milliseconds
Heads = 499999030
Tails = 500000970
Elapsed time: 6260 milliseconds
Experiment : 3
500000000
500000000
2
2
Startup time 1 milliseconds
Heads = 500015416
Tails = 499984584
Elapsed time: 6214 milliseconds
Threads : 3
Experiment : 1
333333334
333333333
333333333
3
3
Startup time 1 milliseconds
Heads = 499978563
Tails = 500021437
Elapsed time: 4388 milliseconds
Experiment : 2
333333334
333333333
333333333
3
3
Startup time 1 milliseconds
Heads = 499994423
Tails = 500005577
Elapsed time: 4335 milliseconds
Experiment : 3
333333334
333333333
333333333
3
3
Startup time 1 milliseconds
Heads = 499971741
Tails = 500028259
Elapsed time: 4344 milliseconds
Threads : 4
Experiment : 1
250000000
250000000
250000000
250000000
4
4
Startup time 2 milliseconds
Heads = 500004501
Tails = 499995499
Elapsed time: 3485 milliseconds
Experiment : 2
250000000
250000000
250000000
250000000
4
4
Startup time 1 milliseconds
Heads = 499993476
Tails = 500006524
Elapsed time: 3392 milliseconds
Experiment : 3
250000000
250000000
250000000
250000000
4
4
Startup time 2 milliseconds
Heads = 500017921
Tails = 499982079
Elapsed time: 3509 milliseconds
Threads : 5
Experiment : 1
200000000
200000000
200000000
200000000
200000000
5
5
Startup time 2 milliseconds
Heads = 500001681
Tails = 499998319
Elapsed time: 2853 milliseconds
Experiment : 2
200000000
200000000
200000000
200000000
200000000
5
5
Startup time 1 milliseconds
Heads = 499996887
Tails = 500003113
Elapsed time: 2881 milliseconds
Experiment : 3
200000000
200000000
200000000
200000000
200000000
5
5
Startup time 1 milliseconds
Heads = 499987973
Tails = 500012027
Elapsed time: 2880 milliseconds
Threads : 6
Experiment : 1
166666667
166666667
166666667
166666667
166666666
166666666
6
6
Startup time 2 milliseconds
Heads = 500006126
Tails = 499993874
Elapsed time: 2462 milliseconds
Experiment : 2
166666667
166666667
166666667
166666667
166666666
166666666
6
6
Startup time 1 milliseconds
Heads = 500007920
Tails = 499992080
Elapsed time: 9874 milliseconds
Experiment : 3
166666667
166666667
166666667
166666667
166666666
166666666
6
6
Startup time 2 milliseconds
Heads = 499973827
Tails = 500026173
Elapsed time: 2514 milliseconds
Threads : 7
Experiment : 1
142857143
142857143
142857143
142857143
142857143
142857143
142857142
7
7
Startup time 1 milliseconds
Heads = 500013047
Tails = 499986953
Elapsed time: 2291 milliseconds
Experiment : 2
142857143
142857143
142857143
142857143
142857143
142857143
142857142
7
7
Startup time 1 milliseconds
Heads = 500005642
Tails = 499994358
Elapsed time: 2264 milliseconds
Experiment : 3
142857143
142857143
142857143
142857143
142857143
142857143
142857142
7
7
Startup time 3 milliseconds
Heads = 500029886
Tails = 499970114
Elapsed time: 2314 milliseconds
Threads : 8
Experiment : 1
125000000
125000000
125000000
125000000
125000000
125000000
125000000
125000000
8
8
Startup time 3 milliseconds
Heads = 500010712
Tails = 499989288
Elapsed time: 2180 milliseconds
Experiment : 2
125000000
125000000
125000000
125000000
125000000
125000000
125000000
125000000
8
8
Startup time 4 milliseconds
Heads = 500042287
Tails = 499957713
Elapsed time: 6622 milliseconds
Experiment : 3
125000000
125000000
125000000
125000000
125000000
125000000
125000000
125000000
8
8
Startup time 3 milliseconds
Heads = 500038895
Tails = 499961105
Elapsed time: 6362 milliseconds
Threads : 9
Experiment : 1
111111112
111111111
111111111
111111111
111111111
111111111
111111111
111111111
111111111
9
9
Startup time 2 milliseconds
Heads = 500024003
Tails = 499975997
Elapsed time: 5755 milliseconds
Experiment : 2
111111112
111111111
111111111
111111111
111111111
111111111
111111111
111111111
111111111
9
9
Startup time 3 milliseconds
Heads = 500002721
Tails = 499997279
Elapsed time: 2036 milliseconds
Experiment : 3
111111112
111111111
111111111
111111111
111111111
111111111
111111111
111111111
111111111
9
9
Startup time 2 milliseconds
Heads = 499973383
Tails = 500026617
Elapsed time: 2041 milliseconds
Threads : 10
Experiment : 1
100000000
100000000
100000000
100000000
100000000
100000000
100000000
100000000
100000000
100000000
10
10
Startup time 3 milliseconds
Heads = 499993059
Tails = 500006941
Elapsed time: 4044 milliseconds
Experiment : 2
100000000
100000000
100000000
100000000
100000000
100000000
100000000
100000000
100000000
100000000
10
10
Startup time 15 milliseconds
Heads = 499965439
Tails = 500034561
Elapsed time: 6136 milliseconds
Experiment : 3
100000000
100000000
100000000
100000000
100000000
100000000
100000000
100000000
100000000
100000000
10
10
Startup time 21 milliseconds
Heads = 499999751
Tails = 500000249
Elapsed time: 6167 milliseconds
Threads : 11
Experiment : 1
90909091
90909091
90909091
90909091
90909091
90909091
90909091
90909091
90909091
90909091
90909090
11
11
Startup time 3 milliseconds
Heads = 499995066
Tails = 500004934
Elapsed time: 2026 milliseconds
Experiment : 2
90909091
90909091
90909091
90909091
90909091
90909091
90909091
90909091
90909091
90909091
90909090
11
11
Startup time 67 milliseconds
Heads = 500001654
Tails = 499998346
Elapsed time: 6453 milliseconds
Experiment : 3
90909091
90909091
90909091
90909091
90909091
90909091
90909091
90909091
90909091
90909091
90909090
11
11
Startup time 3 milliseconds
Heads = 500015622
Tails = 499984378
Elapsed time: 6802 milliseconds
Threads : 12
Experiment : 1
83333334
83333334
83333334
83333334
83333333
83333333
83333333
83333333
83333333
83333333
83333333
83333333
12
12
Startup time 28 milliseconds
Heads = 499972547
Tails = 500027453
Elapsed time: 4963 milliseconds
Experiment : 2
83333334
83333334
83333334
83333334
83333333
83333333
83333333
83333333
83333333
83333333
83333333
83333333
12
12
Startup time 3 milliseconds
Heads = 500011805
Tails = 499988195
Elapsed time: 4959 milliseconds
Experiment : 3
83333334
83333334
83333334
83333334
83333333
83333333
83333333
83333333
83333333
83333333
83333333
83333333
12
12
Startup time 17 milliseconds
Heads = 500007456
Tails = 499992544
Elapsed time: 4256 milliseconds
Threads : 13
Experiment : 1
76923077
76923077
76923077
76923077
76923077
76923077
76923077
76923077
76923077
76923077
76923077
76923077
76923076
13
13
Startup time 58 milliseconds
Heads = 499998310
Tails = 500001690
Elapsed time: 4103 milliseconds
Experiment : 2
76923077
76923077
76923077
76923077
76923077
76923077
76923077
76923077
76923077
76923077
76923077
76923077
76923076
13
13
Startup time 32 milliseconds
Heads = 500018944
Tails = 499981056
Elapsed time: 5063 milliseconds
Experiment : 3
76923077
76923077
76923077
76923077
76923077
76923077
76923077
76923077
76923077
76923077
76923077
76923077
76923076
13
13
Startup time 45 milliseconds
Heads = 499999043
Tails = 500000957
Elapsed time: 5021 milliseconds
Threads : 14
Experiment : 1
71428572
71428572
71428572
71428572
71428572
71428572
71428571
71428571
71428571
71428571
71428571
71428571
71428571
71428571
14
14
Startup time 45 milliseconds
Heads = 500004223
Tails = 499995777
Elapsed time: 4556 milliseconds
Experiment : 2
71428572
71428572
71428572
71428572
71428572
71428572
71428571
71428571
71428571
71428571
71428571
71428571
71428571
71428571
14
14
Startup time 77 milliseconds
Heads = 499995557
Tails = 500004443
Elapsed time: 3701 milliseconds
Experiment : 3
71428572
71428572
71428572
71428572
71428572
71428572
71428571
71428571
71428571
71428571
71428571
71428571
71428571
71428571
14
14
Startup time 32 milliseconds
Heads = 499976118
Tails = 500023882
Elapsed time: 5019 milliseconds
Threads : 15
Experiment : 1
66666667
66666667
66666667
66666667
66666667
66666667
66666667
66666667
66666667
66666667
66666666
66666666
66666666
66666666
66666666
15
15
Startup time 63 milliseconds
Heads = 499974380
Tails = 500025620
Elapsed time: 3780 milliseconds
Experiment : 2
66666667
66666667
66666667
66666667
66666667
66666667
66666667
66666667
66666667
66666667
66666666
66666666
66666666
66666666
66666666
15
15
Startup time 58 milliseconds
Heads = 499990215
Tails = 500009785
Elapsed time: 3940 milliseconds
Experiment : 3
66666667
66666667
66666667
66666667
66666667
66666667
66666667
66666667
66666667
66666667
66666666
66666666
66666666
66666666
66666666
15
15
Startup time 30 milliseconds
Heads = 500010560
Tails = 499989440
Elapsed time: 3904 milliseconds
Threads : 16
Experiment : 1
62500000
62500000
62500000
62500000
62500000
62500000
62500000
62500000
62500000
62500000
62500000
62500000
62500000
62500000
62500000
62500000
16
16
Startup time 59 milliseconds
Heads = 500004487
Tails = 499995513
Elapsed time: 3654 milliseconds
Experiment : 2
62500000
62500000
62500000
62500000
62500000
62500000
62500000
62500000
62500000
62500000
62500000
62500000
62500000
62500000
62500000
62500000
16
16
Startup time 81 milliseconds
Heads = 499982239
Tails = 500017761
Elapsed time: 4029 milliseconds
Experiment : 3
62500000
62500000
62500000
62500000
62500000
62500000
62500000
62500000
62500000
62500000
62500000
62500000
62500000
62500000
62500000
62500000
16
16
Startup time 102 milliseconds
Heads = 500013318
Tails = 499986682
Elapsed time: 3975 milliseconds
