Thread 0 Searched key number 0 at 0 milliseconds.
Found decrypt key 00000000000000d0 producing message: Johns Hopkins afraid of the big bad wolf?
Completed search of 256 keys at 12 milliseconds.
Threads : 1
Experiment : 1
Experiment : 2
Experiment : 3
Experiment : 4
Experiment : 5
Experiment : 6
Experiment : 7
Experiment : 8
Experiment : 9
Experiment : 10
Experiment : 11
Experiment : 12
Experiment : 13
Experiment : 14
Experiment : 15
Experiment : 16
Experiment : 17
Experiment : 18
Experiment : 19
Experiment : 20
Threads : 2
Experiment : 1
Experiment : 2
Experiment : 3
Experiment : 4
Experiment : 5
Experiment : 6
Experiment : 7
Experiment : 8
Experiment : 9
Experiment : 10
Experiment : 11
Experiment : 12
Experiment : 13
Experiment : 14
Experiment : 15
Experiment : 16
Experiment : 17
Experiment : 18
Experiment : 19
Experiment : 20
Threads : 3
Experiment : 1
Experiment : 2
Experiment : 3
Experiment : 4
Experiment : 5
Experiment : 6
Experiment : 7
Experiment : 8
Experiment : 9
Experiment : 10
Experiment : 11
Experiment : 12
Experiment : 13
Experiment : 14
Experiment : 15
Experiment : 16
Experiment : 17
Experiment : 18
Experiment : 19
Experiment : 20
Threads : 4
Experiment : 1
Experiment : 2
Experiment : 3
Experiment : 4
Experiment : 5
Experiment : 6
Experiment : 7
Experiment : 8
Experiment : 9
Experiment : 10
Experiment : 11
Experiment : 12
Experiment : 13
Experiment : 14
Experiment : 15
Experiment : 16
Experiment : 17
Experiment : 18
Experiment : 19
Experiment : 20
Threads : 5
Experiment : 1
Experiment : 2
Experiment : 3
Experiment : 4
Experiment : 5
Experiment : 6
Experiment : 7
Experiment : 8
Experiment : 9
Experiment : 10
Experiment : 11
Experiment : 12
Experiment : 13
Experiment : 14
Experiment : 15
Experiment : 16
Experiment : 17
Experiment : 18
Experiment : 19
Experiment : 20
Threads : 6
Experiment : 1
Experiment : 2
Experiment : 3
Experiment : 4
Experiment : 5
Experiment : 6
Experiment : 7
Experiment : 8
Experiment : 9
Experiment : 10
Experiment : 11
Experiment : 12
Experiment : 13
Experiment : 14
Experiment : 15
Experiment : 16
Experiment : 17
Experiment : 18
Experiment : 19
Experiment : 20
Threads : 7
Experiment : 1
Experiment : 2
Experiment : 3
Experiment : 4
Experiment : 5
Experiment : 6
Experiment : 7
Experiment : 8
Experiment : 9
Experiment : 10
Experiment : 11
Experiment : 12
Experiment : 13
Experiment : 14
Experiment : 15
Experiment : 16
Experiment : 17
Experiment : 18
Experiment : 19
Experiment : 20
Threads : 8
Experiment : 1
Experiment : 2
Experiment : 3
Experiment : 4
Experiment : 5
Experiment : 6
Experiment : 7
Experiment : 8
Experiment : 9
Experiment : 10
Experiment : 11
Experiment : 12
Experiment : 13
Experiment : 14
Experiment : 15
Experiment : 16
Experiment : 17
Experiment : 18
Experiment : 19
Experiment : 20
Threads : 9
Experiment : 1
Experiment : 2
Experiment : 3
Experiment : 4
Experiment : 5
Experiment : 6
Experiment : 7
Experiment : 8
Experiment : 9
Experiment : 10
Experiment : 11
Experiment : 12
Experiment : 13
Experiment : 14
Experiment : 15
Experiment : 16
Experiment : 17
Experiment : 18
Experiment : 19
Experiment : 20
Threads : 10
Experiment : 1
Experiment : 2
Experiment : 3
Experiment : 4
Experiment : 5
Experiment : 6
Experiment : 7
Experiment : 8
Experiment : 9
Experiment : 10
Experiment : 11
Experiment : 12
Experiment : 13
Experiment : 14
Experiment : 15
Experiment : 16
Experiment : 17
Experiment : 18
Experiment : 19
Experiment : 20
Threads : 11
Experiment : 1
Experiment : 2
Experiment : 3
Experiment : 4
Experiment : 5
Experiment : 6
Experiment : 7
Experiment : 8
Experiment : 9
Experiment : 10
Experiment : 11
Experiment : 12
Experiment : 13
Experiment : 14
Experiment : 15
Experiment : 16
Experiment : 17
Experiment : 18
Experiment : 19
Experiment : 20
Threads : 12
Experiment : 1
Experiment : 2
Experiment : 3
Experiment : 4
Experiment : 5
Experiment : 6
Experiment : 7
Experiment : 8
Experiment : 9
Experiment : 10
Experiment : 11
Experiment : 12
Experiment : 13
Experiment : 14
Experiment : 15
Experiment : 16
Experiment : 17
Experiment : 18
Experiment : 19
Experiment : 20
Threads : 13
Experiment : 1
Experiment : 2
Experiment : 3
Experiment : 4
Experiment : 5
Experiment : 6
Experiment : 7
Experiment : 8
Experiment : 9
Experiment : 10
Experiment : 11
Experiment : 12
Experiment : 13
Experiment : 14
Experiment : 15
Experiment : 16
Experiment : 17
Experiment : 18
Experiment : 19
Experiment : 20
Threads : 14
Experiment : 1
Experiment : 2
Experiment : 3
Experiment : 4
Experiment : 5
Experiment : 6
Experiment : 7
Experiment : 8
Experiment : 9
Experiment : 10
Experiment : 11
Experiment : 12
Experiment : 13
Experiment : 14
Experiment : 15
Experiment : 16
Experiment : 17
Experiment : 18
Experiment : 19
Experiment : 20
Threads : 15
Experiment : 1
Experiment : 2
Experiment : 3
Experiment : 4
Experiment : 5
Experiment : 6
Experiment : 7
Experiment : 8
Experiment : 9
Experiment : 10
Experiment : 11
Experiment : 12
Experiment : 13
Experiment : 14
Experiment : 15
Experiment : 16
Experiment : 17
Experiment : 18
Experiment : 19
Experiment : 20
Threads : 16
Experiment : 1
Experiment : 2
Experiment : 3
Experiment : 4
Experiment : 5
Experiment : 6
Experiment : 7
Experiment : 8
Experiment : 9
Experiment : 10
Experiment : 11
Experiment : 12
Experiment : 13
Experiment : 14
Experiment : 15
Experiment : 16
Experiment : 17
Experiment : 18
Experiment : 19
Experiment : 20
