Threads : 1
Iterations : 1000000000
Experiment : 1
1000000000
1
1
Startup time 1 milliseconds
Heads = 499970953
Tails = 500029047
Elapsed time: 23311 milliseconds
Experiment : 2
1000000000
1
1
Startup time 1 milliseconds
Heads = 499993405
Tails = 500006595
Elapsed time: 23323 milliseconds
Experiment : 3
1000000000
1
1
Startup time 2 milliseconds
Heads = 500008519
Tails = 499991481
Elapsed time: 23316 milliseconds
Threads : 2
Iterations : 2000000000
Experiment : 1
1000000000
1000000000
2
2
Startup time 2 milliseconds
Heads = 1000009062
Tails = 999990938
Elapsed time: 23338 milliseconds
Experiment : 2
1000000000
1000000000
2
2
Startup time 2 milliseconds
Heads = 999988430
Tails = 1000011570
Elapsed time: 23342 milliseconds
Experiment : 3
1000000000
1000000000
2
2
Startup time 2 milliseconds
Heads = 1000012522
Tails = 999987478
Elapsed time: 23350 milliseconds
Threads : 3
Iterations : 3000000000
Experiment : 1
1000000000
1000000000
1000000000
3
3
Startup time 1 milliseconds
Heads = 1499947943
Tails = 1500052057
Elapsed time: 23339 milliseconds
Experiment : 2
1000000000
1000000000
1000000000
3
3
Startup time 2 milliseconds
Heads = 1499983299
Tails = 1500016701
Elapsed time: 23356 milliseconds
Experiment : 3
1000000000
1000000000
1000000000
3
3
Startup time 2 milliseconds
Heads = 1500049172
Tails = 1499950828
Elapsed time: 23338 milliseconds
Threads : 4
Iterations : 4000000000
Experiment : 1
1000000000
1000000000
1000000000
1000000000
4
4
Startup time 2 milliseconds
Heads = 2000002031
Tails = 1999997969
Elapsed time: 23355 milliseconds
Experiment : 2
1000000000
1000000000
1000000000
1000000000
4
4
Startup time 2 milliseconds
Heads = 2000000155
Tails = 1999999845
Elapsed time: 25409 milliseconds
Experiment : 3
1000000000
1000000000
1000000000
1000000000
4
4
Startup time 2 milliseconds
Heads = 2000006876
Tails = 1999993124
Elapsed time: 23332 milliseconds
Threads : 5
Iterations : 5000000000
Experiment : 1
1000000000
1000000000
1000000000
1000000000
1000000000
5
5
Startup time 3 milliseconds
Heads = 2500011393
Tails = 2499988607
Elapsed time: 23368 milliseconds
Experiment : 2
1000000000
1000000000
1000000000
1000000000
1000000000
5
5
Startup time 6 milliseconds
Heads = 2499998029
Tails = 2500001971
Elapsed time: 23377 milliseconds
Experiment : 3
1000000000
1000000000
1000000000
1000000000
1000000000
5
5
Startup time 4 milliseconds
Heads = 2499976590
Tails = 2500023410
Elapsed time: 23362 milliseconds
Threads : 6
Iterations : 6000000000
Experiment : 1
1000000000
1000000000
1000000000
1000000000
1000000000
1000000000
6
6
Startup time 4 milliseconds
Heads = 2999994112
Tails = 3000005888
Elapsed time: 23386 milliseconds
Experiment : 2
1000000000
1000000000
1000000000
1000000000
1000000000
1000000000
6
6
Startup time 4 milliseconds
Heads = 3000027839
Tails = 2999972161
Elapsed time: 23414 milliseconds
Experiment : 3
1000000000
1000000000
1000000000
1000000000
1000000000
1000000000
6
6
Startup time 5 milliseconds
Heads = 2999965004
Tails = 3000034996
Elapsed time: 23363 milliseconds
Threads : 7
Iterations : 7000000000
Experiment : 1
1000000000
1000000000
1000000000
1000000000
1000000000
1000000000
1000000000
7
7
Startup time 5 milliseconds
Heads = 3499997695
Tails = 3500002305
Elapsed time: 23684 milliseconds
Experiment : 2
1000000000
1000000000
1000000000
1000000000
1000000000
1000000000
1000000000
7
7
Startup time 4 milliseconds
Heads = 3500036424
Tails = 3499963576
Elapsed time: 23393 milliseconds
Experiment : 3
1000000000
1000000000
1000000000
1000000000
1000000000
1000000000
1000000000
7
7
Startup time 5 milliseconds
Heads = 3499982727
Tails = 3500017273
Elapsed time: 23455 milliseconds
Threads : 8
Iterations : 8000000000
Experiment : 1
1000000000
1000000000
1000000000
1000000000
1000000000
1000000000
1000000000
1000000000
8
8
Startup time 6 milliseconds
Heads = 4000010233
Tails = 3999989767
Elapsed time: 24133 milliseconds
Experiment : 2
1000000000
1000000000
1000000000
1000000000
1000000000
1000000000
1000000000
1000000000
8
8
Startup time 9 milliseconds
Heads = 3999927123
Tails = 4000072877
Elapsed time: 24008 milliseconds
Experiment : 3
1000000000
1000000000
1000000000
1000000000
1000000000
1000000000
1000000000
1000000000
8
8
Startup time 5 milliseconds
Heads = 3999982034
Tails = 4000017966
Elapsed time: 24185 milliseconds
Threads : 9
Iterations : 9000000000
Experiment : 1
1000000000
1000000000
1000000000
1000000000
1000000000
1000000000
1000000000
1000000000
1000000000
9
9
Startup time 5 milliseconds
Heads = 4499960602
Tails = 4500039398
Elapsed time: 28066 milliseconds
Experiment : 2
1000000000
1000000000
1000000000
1000000000
1000000000
1000000000
1000000000
1000000000
1000000000
9
9
Startup time 6 milliseconds
Heads = 4499974304
Tails = 4500025696
Elapsed time: 28929 milliseconds
Experiment : 3
1000000000
1000000000
1000000000
1000000000
1000000000
1000000000
1000000000
1000000000
1000000000
9
9
Startup time 6 milliseconds
Heads = 4499970053
Tails = 4500029947
Elapsed time: 29074 milliseconds
Threads : 10
Iterations : 10000000000
Experiment : 1
1000000000
1000000000
1000000000
1000000000
1000000000
1000000000
1000000000
1000000000
1000000000
1000000000
10
10
Startup time 7 milliseconds
Heads = 5000029853
Tails = 4999970147
Elapsed time: 31591 milliseconds
Experiment : 2
1000000000
1000000000
1000000000
1000000000
1000000000
1000000000
1000000000
1000000000
1000000000
1000000000
10
10
Startup time 18 milliseconds
Heads = 5000075827
Tails = 4999924173
Elapsed time: 31090 milliseconds
Experiment : 3
1000000000
1000000000
1000000000
1000000000
1000000000
1000000000
1000000000
1000000000
1000000000
1000000000
10
10
Startup time 11 milliseconds
Heads = 5000003072
Tails = 4999996928
Elapsed time: 30804 milliseconds
Threads : 11
Iterations : 11000000000
Experiment : 1
1000000000
1000000000
1000000000
1000000000
1000000000
1000000000
1000000000
1000000000
1000000000
1000000000
1000000000
11
11
Startup time 41 milliseconds
Heads = 5500038070
Tails = 5499961930
Elapsed time: 34378 milliseconds
Experiment : 2
1000000000
1000000000
1000000000
1000000000
1000000000
1000000000
1000000000
1000000000
1000000000
1000000000
1000000000
11
11
Startup time 12 milliseconds
Heads = 5499986885
Tails = 5500013115
Elapsed time: 34004 milliseconds
Experiment : 3
1000000000
1000000000
1000000000
1000000000
1000000000
1000000000
1000000000
1000000000
1000000000
1000000000
1000000000
11
11
Startup time 12 milliseconds
Heads = 5500000121
Tails = 5499999879
Elapsed time: 34665 milliseconds
Threads : 12
Iterations : 12000000000
Experiment : 1
1000000000
1000000000
1000000000
1000000000
1000000000
1000000000
1000000000
1000000000
1000000000
1000000000
1000000000
1000000000
12
12
Startup time 19 milliseconds
Heads = 6000088176
Tails = 5999911824
Elapsed time: 36548 milliseconds
Experiment : 2
1000000000
1000000000
1000000000
1000000000
1000000000
1000000000
1000000000
1000000000
1000000000
1000000000
1000000000
1000000000
12
12
Startup time 57 milliseconds
Heads = 5999937058
Tails = 6000062942
Elapsed time: 37000 milliseconds
Experiment : 3
1000000000
1000000000
1000000000
1000000000
1000000000
1000000000
1000000000
1000000000
1000000000
1000000000
1000000000
1000000000
12
12
Startup time 39 milliseconds
Heads = 6000030359
Tails = 5999969641
Elapsed time: 36602 milliseconds
Threads : 13
Iterations : 13000000000
Experiment : 1
1000000000
1000000000
1000000000
1000000000
1000000000
1000000000
1000000000
1000000000
1000000000
1000000000
1000000000
1000000000
1000000000
13
13
Startup time 71 milliseconds
Heads = 6500002438
Tails = 6499997562
Elapsed time: 40148 milliseconds
Experiment : 2
1000000000
1000000000
1000000000
1000000000
1000000000
1000000000
1000000000
1000000000
1000000000
1000000000
1000000000
1000000000
1000000000
13
13
Startup time 50 milliseconds
Heads = 6499980301
Tails = 6500019699
Elapsed time: 40120 milliseconds
Experiment : 3
1000000000
1000000000
1000000000
1000000000
1000000000
1000000000
1000000000
1000000000
1000000000
1000000000
1000000000
1000000000
1000000000
13
13
Startup time 33 milliseconds
Heads = 6500040931
Tails = 6499959069
Elapsed time: 39632 milliseconds
Threads : 14
Iterations : 14000000000
Experiment : 1
1000000000
1000000000
1000000000
1000000000
1000000000
1000000000
1000000000
1000000000
1000000000
1000000000
1000000000
1000000000
1000000000
1000000000
14
14
Startup time 94 milliseconds
Heads = 6999971441
Tails = 7000028559
Elapsed time: 42970 milliseconds
Experiment : 2
1000000000
1000000000
1000000000
1000000000
1000000000
1000000000
1000000000
1000000000
1000000000
1000000000
1000000000
1000000000
1000000000
1000000000
14
14
Startup time 73 milliseconds
Heads = 7000013498
Tails = 6999986502
Elapsed time: 42786 milliseconds
Experiment : 3
1000000000
1000000000
1000000000
1000000000
1000000000
1000000000
1000000000
1000000000
1000000000
1000000000
1000000000
1000000000
1000000000
1000000000
14
14
Startup time 88 milliseconds
Heads = 6999931019
Tails = 7000068981
Elapsed time: 42662 milliseconds
Threads : 15
Iterations : 15000000000
Experiment : 1
1000000000
1000000000
1000000000
1000000000
1000000000
1000000000
1000000000
1000000000
1000000000
1000000000
1000000000
1000000000
1000000000
1000000000
1000000000
15
15
Startup time 35 milliseconds
Heads = 7500024978
Tails = 7499975022
Elapsed time: 45148 milliseconds
Experiment : 2
1000000000
1000000000
1000000000
1000000000
1000000000
1000000000
1000000000
1000000000
1000000000
1000000000
1000000000
1000000000
1000000000
1000000000
1000000000
15
15
Startup time 142 milliseconds
Heads = 7500026963
Tails = 7499973037
Elapsed time: 45293 milliseconds
Experiment : 3
1000000000
1000000000
1000000000
1000000000
1000000000
1000000000
1000000000
1000000000
1000000000
1000000000
1000000000
1000000000
1000000000
1000000000
1000000000
15
15
Startup time 121 milliseconds
Heads = 7500070905
Tails = 7499929095
Elapsed time: 45390 milliseconds
Threads : 16
Iterations : 16000000000
Experiment : 1
1000000000
1000000000
1000000000
1000000000
1000000000
1000000000
1000000000
1000000000
1000000000
1000000000
1000000000
1000000000
1000000000
1000000000
1000000000
1000000000
16
16
Startup time 111 milliseconds
Heads = 8000147432
Tails = 7999852568
Elapsed time: 48219 milliseconds
Experiment : 2
1000000000
1000000000
1000000000
1000000000
1000000000
1000000000
1000000000
1000000000
1000000000
1000000000
1000000000
1000000000
1000000000
1000000000
1000000000
1000000000
16
16
Startup time 167 milliseconds
Heads = 7999952921
Tails = 8000047079
Elapsed time: 48041 milliseconds
Experiment : 3
1000000000
1000000000
1000000000
1000000000
1000000000
1000000000
1000000000
1000000000
1000000000
1000000000
1000000000
1000000000
1000000000
1000000000
1000000000
1000000000
16
16
Startup time 104 milliseconds
Heads = 7999991793
Tails = 8000008207
Elapsed time: 47958 milliseconds
