Threads : 1
Experiment : 1
1000000000
1
1
Startup time 1 milliseconds
Heads = 499982828
Tails = 500017172
Elapsed time: 23327 milliseconds
Experiment : 2
1000000000
1
1
Startup time 2 milliseconds
Heads = 500003623
Tails = 499996377
Elapsed time: 23322 milliseconds
Experiment : 3
1000000000
1
1
Startup time 2 milliseconds
Heads = 499983543
Tails = 500016457
Elapsed time: 23324 milliseconds
Threads : 2
Experiment : 1
500000000
500000000
2
2
Startup time 2 milliseconds
Heads = 499992629
Tails = 500007371
Elapsed time: 11685 milliseconds
Experiment : 2
500000000
500000000
2
2
Startup time 2 milliseconds
Heads = 500020371
Tails = 499979629
Elapsed time: 11669 milliseconds
Experiment : 3
500000000
500000000
2
2
Startup time 3 milliseconds
Heads = 499977360
Tails = 500022640
Elapsed time: 11681 milliseconds
Threads : 3
Experiment : 1
333333334
333333333
333333333
3
3
Startup time 3 milliseconds
Heads = 499996053
Tails = 500003947
Elapsed time: 7793 milliseconds
Experiment : 2
333333334
333333333
333333333
3
3
Startup time 3 milliseconds
Heads = 500017631
Tails = 499982369
Elapsed time: 7794 milliseconds
Experiment : 3
333333334
333333333
333333333
3
3
Startup time 2 milliseconds
Heads = 499977115
Tails = 500022885
Elapsed time: 7795 milliseconds
Threads : 4
Experiment : 1
250000000
250000000
250000000
250000000
4
4
Startup time 4 milliseconds
Heads = 499978324
Tails = 500021676
Elapsed time: 5869 milliseconds
Experiment : 2
250000000
250000000
250000000
250000000
4
4
Startup time 4 milliseconds
Heads = 500013899
Tails = 499986101
Elapsed time: 5869 milliseconds
Experiment : 3
250000000
250000000
250000000
250000000
4
4
Startup time 3 milliseconds
Heads = 500025928
Tails = 499974072
Elapsed time: 5863 milliseconds
Threads : 5
Experiment : 1
200000000
200000000
200000000
200000000
200000000
5
5
Startup time 4 milliseconds
Heads = 500012234
Tails = 499987766
Elapsed time: 4692 milliseconds
Experiment : 2
200000000
200000000
200000000
200000000
200000000
5
5
Startup time 13 milliseconds
Heads = 500000634
Tails = 499999366
Elapsed time: 4708 milliseconds
Experiment : 3
200000000
200000000
200000000
200000000
200000000
5
5
Startup time 4 milliseconds
Heads = 500021727
Tails = 499978273
Elapsed time: 4704 milliseconds
Threads : 6
Experiment : 1
166666667
166666667
166666667
166666667
166666666
166666666
6
6
Startup time 8 milliseconds
Heads = 499997339
Tails = 500002661
Elapsed time: 3938 milliseconds
Experiment : 2
166666667
166666667
166666667
166666667
166666666
166666666
6
6
Startup time 5 milliseconds
Heads = 500024931
Tails = 499975069
Elapsed time: 3919 milliseconds
Experiment : 3
166666667
166666667
166666667
166666667
166666666
166666666
6
6
Startup time 5 milliseconds
Heads = 499989584
Tails = 500010416
Elapsed time: 3926 milliseconds
Threads : 7
Experiment : 1
142857143
142857143
142857143
142857143
142857143
142857143
142857142
7
7
Startup time 5 milliseconds
Heads = 499997682
Tails = 500002318
Elapsed time: 3365 milliseconds
Experiment : 2
142857143
142857143
142857143
142857143
142857143
142857143
142857142
7
7
Startup time 5 milliseconds
Heads = 500018353
Tails = 499981647
Elapsed time: 3372 milliseconds
Experiment : 3
142857143
142857143
142857143
142857143
142857143
142857143
142857142
7
7
Startup time 5 milliseconds
Heads = 500012636
Tails = 499987364
Elapsed time: 3373 milliseconds
Threads : 8
Experiment : 1
125000000
125000000
125000000
125000000
125000000
125000000
125000000
125000000
8
8
Startup time 5 milliseconds
Heads = 500032113
Tails = 499967887
Elapsed time: 3003 milliseconds
Experiment : 2
125000000
125000000
125000000
125000000
125000000
125000000
125000000
125000000
8
8
Startup time 6 milliseconds
Heads = 499988435
Tails = 500011565
Elapsed time: 3039 milliseconds
Experiment : 3
125000000
125000000
125000000
125000000
125000000
125000000
125000000
125000000
8
8
Startup time 6 milliseconds
Heads = 500023341
Tails = 499976659
Elapsed time: 3075 milliseconds
Threads : 9
Experiment : 1
111111112
111111111
111111111
111111111
111111111
111111111
111111111
111111111
111111111
9
9
Startup time 7 milliseconds
Heads = 499994297
Tails = 500005703
Elapsed time: 3363 milliseconds
Experiment : 2
111111112
111111111
111111111
111111111
111111111
111111111
111111111
111111111
111111111
9
9
Startup time 14 milliseconds
Heads = 500007977
Tails = 499992023
Elapsed time: 3487 milliseconds
Experiment : 3
111111112
111111111
111111111
111111111
111111111
111111111
111111111
111111111
111111111
9
9
Startup time 5 milliseconds
Heads = 500001790
Tails = 499998210
Elapsed time: 3917 milliseconds
Threads : 10
Experiment : 1
100000000
100000000
100000000
100000000
100000000
100000000
100000000
100000000
100000000
100000000
10
10
Startup time 6 milliseconds
Heads = 499995623
Tails = 500004377
Elapsed time: 3178 milliseconds
Experiment : 2
100000000
100000000
100000000
100000000
100000000
100000000
100000000
100000000
100000000
100000000
10
10
Startup time 12 milliseconds
Heads = 500001587
Tails = 499998413
Elapsed time: 3203 milliseconds
Experiment : 3
100000000
100000000
100000000
100000000
100000000
100000000
100000000
100000000
100000000
100000000
10
10
Startup time 7 milliseconds
Heads = 500020171
Tails = 499979829
Elapsed time: 3417 milliseconds
Threads : 11
Experiment : 1
90909091
90909091
90909091
90909091
90909091
90909091
90909091
90909091
90909091
90909091
90909090
11
11
Startup time 17 milliseconds
Heads = 499996868
Tails = 500003132
Elapsed time: 3371 milliseconds
Experiment : 2
90909091
90909091
90909091
90909091
90909091
90909091
90909091
90909091
90909091
90909091
90909090
11
11
Startup time 22 milliseconds
Heads = 499997741
Tails = 500002259
Elapsed time: 3179 milliseconds
Experiment : 3
90909091
90909091
90909091
90909091
90909091
90909091
90909091
90909091
90909091
90909091
90909090
11
11
Startup time 76 milliseconds
Heads = 499989317
Tails = 500010683
Elapsed time: 3245 milliseconds
Threads : 12
Experiment : 1
83333334
83333334
83333334
83333334
83333333
83333333
83333333
83333333
83333333
83333333
83333333
83333333
12
12
Startup time 65 milliseconds
Heads = 499976811
Tails = 500023189
Elapsed time: 3394 milliseconds
Experiment : 2
83333334
83333334
83333334
83333334
83333333
83333333
83333333
83333333
83333333
83333333
83333333
83333333
12
12
Startup time 15 milliseconds
Heads = 499973828
Tails = 500026172
Elapsed time: 3314 milliseconds
Experiment : 3
83333334
83333334
83333334
83333334
83333333
83333333
83333333
83333333
83333333
83333333
83333333
83333333
12
12
Startup time 49 milliseconds
Heads = 500027109
Tails = 499972891
Elapsed time: 3265 milliseconds
Threads : 13
Experiment : 1
76923077
76923077
76923077
76923077
76923077
76923077
76923077
76923077
76923077
76923077
76923077
76923077
76923076
13
13
Startup time 65 milliseconds
Heads = 499993883
Tails = 500006117
Elapsed time: 3169 milliseconds
Experiment : 2
76923077
76923077
76923077
76923077
76923077
76923077
76923077
76923077
76923077
76923077
76923077
76923077
76923076
13
13
Startup time 104 milliseconds
Heads = 500017295
Tails = 499982705
Elapsed time: 3334 milliseconds
Experiment : 3
76923077
76923077
76923077
76923077
76923077
76923077
76923077
76923077
76923077
76923077
76923077
76923077
76923076
13
13
Startup time 15 milliseconds
Heads = 499996467
Tails = 500003533
Elapsed time: 3177 milliseconds
Threads : 14
Experiment : 1
71428572
71428572
71428572
71428572
71428572
71428572
71428571
71428571
71428571
71428571
71428571
71428571
71428571
71428571
14
14
Startup time 74 milliseconds
Heads = 499997966
Tails = 500002034
Elapsed time: 3087 milliseconds
Experiment : 2
71428572
71428572
71428572
71428572
71428572
71428572
71428571
71428571
71428571
71428571
71428571
71428571
71428571
71428571
14
14
Startup time 99 milliseconds
Heads = 499965356
Tails = 500034644
Elapsed time: 3110 milliseconds
Experiment : 3
71428572
71428572
71428572
71428572
71428572
71428572
71428571
71428571
71428571
71428571
71428571
71428571
71428571
71428571
14
14
Startup time 67 milliseconds
Heads = 499994474
Tails = 500005526
Elapsed time: 3136 milliseconds
Threads : 15
Experiment : 1
66666667
66666667
66666667
66666667
66666667
66666667
66666667
66666667
66666667
66666667
66666666
66666666
66666666
66666666
66666666
15
15
Startup time 92 milliseconds
Heads = 500013548
Tails = 499986452
Elapsed time: 3057 milliseconds
Experiment : 2
66666667
66666667
66666667
66666667
66666667
66666667
66666667
66666667
66666667
66666667
66666666
66666666
66666666
66666666
66666666
15
15
Startup time 57 milliseconds
Heads = 499985367
Tails = 500014633
Elapsed time: 3062 milliseconds
Experiment : 3
66666667
66666667
66666667
66666667
66666667
66666667
66666667
66666667
66666667
66666667
66666666
66666666
66666666
66666666
66666666
15
15
Startup time 119 milliseconds
Heads = 500007568
Tails = 499992432
Elapsed time: 3115 milliseconds
Threads : 16
Experiment : 1
62500000
62500000
62500000
62500000
62500000
62500000
62500000
62500000
62500000
62500000
62500000
62500000
62500000
62500000
62500000
62500000
16
16
Startup time 102 milliseconds
Heads = 500001039
Tails = 499998961
Elapsed time: 3044 milliseconds
Experiment : 2
62500000
62500000
62500000
62500000
62500000
62500000
62500000
62500000
62500000
62500000
62500000
62500000
62500000
62500000
62500000
62500000
16
16
Startup time 82 milliseconds
Heads = 499998131
Tails = 500001869
Elapsed time: 3092 milliseconds
Experiment : 3
62500000
62500000
62500000
62500000
62500000
62500000
62500000
62500000
62500000
62500000
62500000
62500000
62500000
62500000
62500000
62500000
16
16
Startup time 93 milliseconds
Heads = 499996625
Tails = 500003375
Elapsed time: 3051 milliseconds
