Threads : 1
Experiment : 1
1000000000
1
1
Startup time 2 milliseconds
Heads = 499998977
Tails = 500001023
Elapsed time: 23325 milliseconds
Experiment : 2
1000000000
1
1
Startup time 2 milliseconds
Heads = 499995415
Tails = 500004585
Elapsed time: 23321 milliseconds
Experiment : 3
1000000000
1
1
Startup time 1 milliseconds
Heads = 500003226
Tails = 499996774
Elapsed time: 23323 milliseconds
Experiment : 4
1000000000
1
1
Startup time 1 milliseconds
Heads = 499990605
Tails = 500009395
Elapsed time: 23326 milliseconds
Experiment : 5
1000000000
1
1
Startup time 1 milliseconds
Heads = 499997780
Tails = 500002220
Elapsed time: 23317 milliseconds
Threads : 2
Experiment : 1
500000000
500000000
2
2
Startup time 2 milliseconds
Heads = 499988634
Tails = 500011366
Elapsed time: 11685 milliseconds
Experiment : 2
500000000
500000000
2
2
Startup time 2 milliseconds
Heads = 500006503
Tails = 499993497
Elapsed time: 11692 milliseconds
Experiment : 3
500000000
500000000
2
2
Startup time 2 milliseconds
Heads = 500029611
Tails = 499970389
Elapsed time: 11695 milliseconds
Experiment : 4
500000000
500000000
2
2
Startup time 2 milliseconds
Heads = 500034382
Tails = 499965618
Elapsed time: 11673 milliseconds
Experiment : 5
500000000
500000000
2
2
Startup time 2 milliseconds
Heads = 500013649
Tails = 499986351
Elapsed time: 11678 milliseconds
Threads : 3
Experiment : 1
333333334
333333333
333333333
3
3
Startup time 2 milliseconds
Heads = 500021032
Tails = 499978968
Elapsed time: 7817 milliseconds
Experiment : 2
333333334
333333333
333333333
3
3
Startup time 2 milliseconds
Heads = 500005276
Tails = 499994724
Elapsed time: 7800 milliseconds
Experiment : 3
333333334
333333333
333333333
3
3
Startup time 2 milliseconds
Heads = 500012426
Tails = 499987574
Elapsed time: 7803 milliseconds
Experiment : 4
333333334
333333333
333333333
3
3
Startup time 2 milliseconds
Heads = 499993951
Tails = 500006049
Elapsed time: 7803 milliseconds
Experiment : 5
333333334
333333333
333333333
3
3
Startup time 2 milliseconds
Heads = 500027987
Tails = 499972013
Elapsed time: 7805 milliseconds
Threads : 4
Experiment : 1
250000000
250000000
250000000
250000000
4
4
Startup time 2 milliseconds
Heads = 499999197
Tails = 500000803
Elapsed time: 5856 milliseconds
Experiment : 2
250000000
250000000
250000000
250000000
4
4
Startup time 2 milliseconds
Heads = 500020973
Tails = 499979027
Elapsed time: 5853 milliseconds
Experiment : 3
250000000
250000000
250000000
250000000
4
4
Startup time 3 milliseconds
Heads = 500016801
Tails = 499983199
Elapsed time: 5855 milliseconds
Experiment : 4
250000000
250000000
250000000
250000000
4
4
Startup time 2 milliseconds
Heads = 500012802
Tails = 499987198
Elapsed time: 5853 milliseconds
Experiment : 5
250000000
250000000
250000000
250000000
4
4
Startup time 2 milliseconds
Heads = 499974412
Tails = 500025588
Elapsed time: 5855 milliseconds
Threads : 5
Experiment : 1
200000000
200000000
200000000
200000000
200000000
5
5
Startup time 3 milliseconds
Heads = 500006723
Tails = 499993277
Elapsed time: 4701 milliseconds
Experiment : 2
200000000
200000000
200000000
200000000
200000000
5
5
Startup time 4 milliseconds
Heads = 499996284
Tails = 500003716
Elapsed time: 4698 milliseconds
Experiment : 3
200000000
200000000
200000000
200000000
200000000
5
5
Startup time 3 milliseconds
Heads = 499996768
Tails = 500003232
Elapsed time: 4694 milliseconds
Experiment : 4
200000000
200000000
200000000
200000000
200000000
5
5
Startup time 3 milliseconds
Heads = 499981827
Tails = 500018173
Elapsed time: 4726 milliseconds
Experiment : 5
200000000
200000000
200000000
200000000
200000000
5
5
Startup time 3 milliseconds
Heads = 499978665
Tails = 500021335
Elapsed time: 4695 milliseconds
Threads : 6
Experiment : 1
166666667
166666667
166666667
166666667
166666666
166666666
6
6
Startup time 4 milliseconds
Heads = 499989410
Tails = 500010590
Elapsed time: 3917 milliseconds
Experiment : 2
166666667
166666667
166666667
166666667
166666666
166666666
6
6
Startup time 3 milliseconds
Heads = 499990371
Tails = 500009629
Elapsed time: 3916 milliseconds
Experiment : 3
166666667
166666667
166666667
166666667
166666666
166666666
6
6
Startup time 3 milliseconds
Heads = 500018030
Tails = 499981970
Elapsed time: 3920 milliseconds
Experiment : 4
166666667
166666667
166666667
166666667
166666666
166666666
6
6
Startup time 3 milliseconds
Heads = 499981984
Tails = 500018016
Elapsed time: 3910 milliseconds
Experiment : 5
166666667
166666667
166666667
166666667
166666666
166666666
6
6
Startup time 3 milliseconds
Heads = 500003373
Tails = 499996627
Elapsed time: 3917 milliseconds
Threads : 7
Experiment : 1
142857143
142857143
142857143
142857143
142857143
142857143
142857142
7
7
Startup time 4 milliseconds
Heads = 500002993
Tails = 499997007
Elapsed time: 3368 milliseconds
Experiment : 2
142857143
142857143
142857143
142857143
142857143
142857143
142857142
7
7
Startup time 4 milliseconds
Heads = 499977930
Tails = 500022070
Elapsed time: 3382 milliseconds
Experiment : 3
142857143
142857143
142857143
142857143
142857143
142857143
142857142
7
7
Startup time 4 milliseconds
Heads = 499979058
Tails = 500020942
Elapsed time: 3373 milliseconds
Experiment : 4
142857143
142857143
142857143
142857143
142857143
142857143
142857142
7
7
Startup time 4 milliseconds
Heads = 499988742
Tails = 500011258
Elapsed time: 3653 milliseconds
Experiment : 5
142857143
142857143
142857143
142857143
142857143
142857143
142857142
7
7
Startup time 4 milliseconds
Heads = 499997408
Tails = 500002592
Elapsed time: 3376 milliseconds
Threads : 8
Experiment : 1
125000000
125000000
125000000
125000000
125000000
125000000
125000000
125000000
8
8
Startup time 4 milliseconds
Heads = 500003093
Tails = 499996907
Elapsed time: 2961 milliseconds
Experiment : 2
125000000
125000000
125000000
125000000
125000000
125000000
125000000
125000000
8
8
Startup time 5 milliseconds
Heads = 500021775
Tails = 499978225
Elapsed time: 3045 milliseconds
Experiment : 3
125000000
125000000
125000000
125000000
125000000
125000000
125000000
125000000
8
8
Startup time 4 milliseconds
Heads = 499971498
Tails = 500028502
Elapsed time: 2952 milliseconds
Experiment : 4
125000000
125000000
125000000
125000000
125000000
125000000
125000000
125000000
8
8
Startup time 5 milliseconds
Heads = 499995836
Tails = 500004164
Elapsed time: 2965 milliseconds
Experiment : 5
125000000
125000000
125000000
125000000
125000000
125000000
125000000
125000000
8
8
Startup time 4 milliseconds
Heads = 499991294
Tails = 500008706
Elapsed time: 3095 milliseconds
Threads : 9
Experiment : 1
111111112
111111111
111111111
111111111
111111111
111111111
111111111
111111111
111111111
9
9
Startup time 5 milliseconds
Heads = 500005812
Tails = 499994188
Elapsed time: 3466 milliseconds
Experiment : 2
111111112
111111111
111111111
111111111
111111111
111111111
111111111
111111111
111111111
9
9
Startup time 5 milliseconds
Heads = 499984472
Tails = 500015528
Elapsed time: 3305 milliseconds
Experiment : 3
111111112
111111111
111111111
111111111
111111111
111111111
111111111
111111111
111111111
9
9
Startup time 5 milliseconds
Heads = 499989953
Tails = 500010047
Elapsed time: 3565 milliseconds
Experiment : 4
111111112
111111111
111111111
111111111
111111111
111111111
111111111
111111111
111111111
9
9
Startup time 5 milliseconds
Heads = 499994921
Tails = 500005079
Elapsed time: 3924 milliseconds
Experiment : 5
111111112
111111111
111111111
111111111
111111111
111111111
111111111
111111111
111111111
9
9
Startup time 5 milliseconds
Heads = 499998657
Tails = 500001343
Elapsed time: 3543 milliseconds
Threads : 10
Experiment : 1
100000000
100000000
100000000
100000000
100000000
100000000
100000000
100000000
100000000
100000000
10
10
Startup time 11 milliseconds
Heads = 499991183
Tails = 500008817
Elapsed time: 3586 milliseconds
Experiment : 2
100000000
100000000
100000000
100000000
100000000
100000000
100000000
100000000
100000000
100000000
10
10
Startup time 6 milliseconds
Heads = 500010017
Tails = 499989983
Elapsed time: 3406 milliseconds
Experiment : 3
100000000
100000000
100000000
100000000
100000000
100000000
100000000
100000000
100000000
100000000
10
10
Startup time 10 milliseconds
Heads = 499984388
Tails = 500015612
Elapsed time: 3176 milliseconds
Experiment : 4
100000000
100000000
100000000
100000000
100000000
100000000
100000000
100000000
100000000
100000000
10
10
Startup time 15 milliseconds
Heads = 500000047
Tails = 499999953
Elapsed time: 3294 milliseconds
Experiment : 5
100000000
100000000
100000000
100000000
100000000
100000000
100000000
100000000
100000000
100000000
10
10
Startup time 11 milliseconds
Heads = 499997582
Tails = 500002418
Elapsed time: 3477 milliseconds
Threads : 11
Experiment : 1
90909091
90909091
90909091
90909091
90909091
90909091
90909091
90909091
90909091
90909091
90909090
11
11
Startup time 17 milliseconds
Heads = 499999035
Tails = 500000965
Elapsed time: 3067 milliseconds
Experiment : 2
90909091
90909091
90909091
90909091
90909091
90909091
90909091
90909091
90909091
90909091
90909090
11
11
Startup time 42 milliseconds
Heads = 499994985
Tails = 500005015
Elapsed time: 3318 milliseconds
Experiment : 3
90909091
90909091
90909091
90909091
90909091
90909091
90909091
90909091
90909091
90909091
90909090
11
11
Startup time 14 milliseconds
Heads = 500009059
Tails = 499990941
Elapsed time: 3361 milliseconds
Experiment : 4
90909091
90909091
90909091
90909091
90909091
90909091
90909091
90909091
90909091
90909091
90909090
11
11
Startup time 83 milliseconds
Heads = 499982439
Tails = 500017561
Elapsed time: 3584 milliseconds
Experiment : 5
90909091
90909091
90909091
90909091
90909091
90909091
90909091
90909091
90909091
90909091
90909090
11
11
Startup time 12 milliseconds
Heads = 499988864
Tails = 500011136
Elapsed time: 3308 milliseconds
Threads : 12
Experiment : 1
83333334
83333334
83333334
83333334
83333333
83333333
83333333
83333333
83333333
83333333
83333333
83333333
12
12
Startup time 17 milliseconds
Heads = 500006189
Tails = 499993811
Elapsed time: 3141 milliseconds
Experiment : 2
83333334
83333334
83333334
83333334
83333333
83333333
83333333
83333333
83333333
83333333
83333333
83333333
12
12
Startup time 52 milliseconds
Heads = 500004741
Tails = 499995259
Elapsed time: 3172 milliseconds
Experiment : 3
83333334
83333334
83333334
83333334
83333333
83333333
83333333
83333333
83333333
83333333
83333333
83333333
12
12
Startup time 13 milliseconds
Heads = 499984912
Tails = 500015088
Elapsed time: 3197 milliseconds
Experiment : 4
83333334
83333334
83333334
83333334
83333333
83333333
83333333
83333333
83333333
83333333
83333333
83333333
12
12
Startup time 41 milliseconds
Heads = 500028005
Tails = 499971995
Elapsed time: 3220 milliseconds
Experiment : 5
83333334
83333334
83333334
83333334
83333333
83333333
83333333
83333333
83333333
83333333
83333333
83333333
12
12
Startup time 49 milliseconds
Heads = 500047825
Tails = 499952175
Elapsed time: 3575 milliseconds
Threads : 13
Experiment : 1
76923077
76923077
76923077
76923077
76923077
76923077
76923077
76923077
76923077
76923077
76923077
76923077
76923076
13
13
Startup time 20 milliseconds
Heads = 500011318
Tails = 499988682
Elapsed time: 3120 milliseconds
Experiment : 2
76923077
76923077
76923077
76923077
76923077
76923077
76923077
76923077
76923077
76923077
76923077
76923077
76923076
13
13
Startup time 71 milliseconds
Heads = 500004715
Tails = 499995285
Elapsed time: 3167 milliseconds
Experiment : 3
76923077
76923077
76923077
76923077
76923077
76923077
76923077
76923077
76923077
76923077
76923077
76923077
76923076
13
13
Startup time 82 milliseconds
Heads = 500000055
Tails = 499999945
Elapsed time: 3158 milliseconds
Experiment : 4
76923077
76923077
76923077
76923077
76923077
76923077
76923077
76923077
76923077
76923077
76923077
76923077
76923076
13
13
Startup time 52 milliseconds
Heads = 499982021
Tails = 500017979
Elapsed time: 3138 milliseconds
Experiment : 5
76923077
76923077
76923077
76923077
76923077
76923077
76923077
76923077
76923077
76923077
76923077
76923077
76923076
13
13
Startup time 110 milliseconds
Heads = 499987571
Tails = 500012429
Elapsed time: 3178 milliseconds
Threads : 14
Experiment : 1
71428572
71428572
71428572
71428572
71428572
71428572
71428571
71428571
71428571
71428571
71428571
71428571
71428571
71428571
14
14
Startup time 68 milliseconds
Heads = 499981424
Tails = 500018576
Elapsed time: 3118 milliseconds
Experiment : 2
71428572
71428572
71428572
71428572
71428572
71428572
71428571
71428571
71428571
71428571
71428571
71428571
71428571
71428571
14
14
Startup time 102 milliseconds
Heads = 500021947
Tails = 499978053
Elapsed time: 3155 milliseconds
Experiment : 3
71428572
71428572
71428572
71428572
71428572
71428572
71428571
71428571
71428571
71428571
71428571
71428571
71428571
71428571
14
14
Startup time 47 milliseconds
Heads = 500027869
Tails = 499972131
Elapsed time: 3120 milliseconds
Experiment : 4
71428572
71428572
71428572
71428572
71428572
71428572
71428571
71428571
71428571
71428571
71428571
71428571
71428571
71428571
14
14
Startup time 106 milliseconds
Heads = 499996499
Tails = 500003501
Elapsed time: 3225 milliseconds
Experiment : 5
71428572
71428572
71428572
71428572
71428572
71428572
71428571
71428571
71428571
71428571
71428571
71428571
71428571
71428571
14
14
Startup time 117 milliseconds
Heads = 499980317
Tails = 500019683
Elapsed time: 3384 milliseconds
Threads : 15
Experiment : 1
66666667
66666667
66666667
66666667
66666667
66666667
66666667
66666667
66666667
66666667
66666666
66666666
66666666
66666666
66666666
15
15
Startup time 119 milliseconds
Heads = 500012603
Tails = 499987397
Elapsed time: 3051 milliseconds
Experiment : 2
66666667
66666667
66666667
66666667
66666667
66666667
66666667
66666667
66666667
66666667
66666666
66666666
66666666
66666666
66666666
15
15
Startup time 15 milliseconds
Heads = 499988850
Tails = 500011150
Elapsed time: 3179 milliseconds
Experiment : 3
66666667
66666667
66666667
66666667
66666667
66666667
66666667
66666667
66666667
66666667
66666666
66666666
66666666
66666666
66666666
15
15
Startup time 125 milliseconds
Heads = 500008884
Tails = 499991116
Elapsed time: 3023 milliseconds
Experiment : 4
66666667
66666667
66666667
66666667
66666667
66666667
66666667
66666667
66666667
66666667
66666666
66666666
66666666
66666666
66666666
15
15
Startup time 64 milliseconds
Heads = 499976884
Tails = 500023116
Elapsed time: 3171 milliseconds
Experiment : 5
66666667
66666667
66666667
66666667
66666667
66666667
66666667
66666667
66666667
66666667
66666666
66666666
66666666
66666666
66666666
15
15
Startup time 131 milliseconds
Heads = 499984029
Tails = 500015971
Elapsed time: 3164 milliseconds
Threads : 16
Experiment : 1
62500000
62500000
62500000
62500000
62500000
62500000
62500000
62500000
62500000
62500000
62500000
62500000
62500000
62500000
62500000
62500000
16
16
Startup time 123 milliseconds
Heads = 499964571
Tails = 500035429
Elapsed time: 3021 milliseconds
Experiment : 2
62500000
62500000
62500000
62500000
62500000
62500000
62500000
62500000
62500000
62500000
62500000
62500000
62500000
62500000
62500000
62500000
16
16
Startup time 98 milliseconds
Heads = 500009012
Tails = 499990988
Elapsed time: 3058 milliseconds
Experiment : 3
62500000
62500000
62500000
62500000
62500000
62500000
62500000
62500000
62500000
62500000
62500000
62500000
62500000
62500000
62500000
62500000
16
16
Startup time 61 milliseconds
Heads = 500012842
Tails = 499987158
Elapsed time: 3095 milliseconds
Experiment : 4
62500000
62500000
62500000
62500000
62500000
62500000
62500000
62500000
62500000
62500000
62500000
62500000
62500000
62500000
62500000
62500000
16
16
Startup time 131 milliseconds
Heads = 500004063
Tails = 499995937
Elapsed time: 3024 milliseconds
Experiment : 5
62500000
62500000
62500000
62500000
62500000
62500000
62500000
62500000
62500000
62500000
62500000
62500000
62500000
62500000
62500000
62500000
16
16
Startup time 137 milliseconds
Heads = 499986483
Tails = 500013517
Elapsed time: 3012 milliseconds
